<?xml version="1.0" encoding="UTF-8"?>
<!-- Generated by org.testng.reporters.JUnitReportReporter -->
<testsuite hostname="LAPTOP-2VB02BGJ" failures="0" tests="3" name="runner.TestRunner" time="45.710" errors="0" timestamp="2022-03-28T17:41:07 CDT" skipped="0">
  <testcase classname="runner.TestRunner" name="runScenario" time="36.943"/>
  <system-out/>
  <testcase classname="runner.TestRunner" name="runScenario" time="6.860"/>
  <system-out/>
  <testcase classname="runner.TestRunner" name="runScenario" time="1.907"/>
  <system-out/>
</testsuite> <!-- runner.TestRunner -->
